Arguments: 
  /usr/bin/node /usr/local/bin/yarn add @vue --save

PATH: 
  /usr/local/sbin:/usr/local/bin:/usr/sbin:/usr/bin:/sbin:/bin:/usr/games:/usr/local/games:/snap/bin:/media/gerardo/data/home/gerardo/2204Soft/PhpStorm-2022.1.2/PhpStorm-221.5787.33/bin/:/media/gerardo/data/home/gerardo/Descargas/WebStorm-2020.1.3/WebStorm-201.8538.32/bin/:/snap/bin:/mnt/335bbff1-20ce-407d-bd1b-11294e2e0083/home/gerardo/Proyectos/vue-cdn/vuex-1/node_modules/.bin

Yarn version: 
  1.22.19

Node version: 
  16.17.1

Platform: 
  linux x64

Trace: 
  Error: https://registry.yarnpkg.com/@vue: Request "https://registry.yarnpkg.com/@vue" returned a 405
      at Request.params.callback [as _callback] (/usr/local/lib/node_modules/yarn/lib/cli.js:66154:18)
      at Request.self.callback (/usr/local/lib/node_modules/yarn/lib/cli.js:140890:22)
      at Request.emit (node:events:513:28)
      at Request.<anonymous> (/usr/local/lib/node_modules/yarn/lib/cli.js:141862:10)
      at Request.emit (node:events:513:28)
      at IncomingMessage.<anonymous> (/usr/local/lib/node_modules/yarn/lib/cli.js:141784:12)
      at Object.onceWrapper (node:events:627:28)
      at IncomingMessage.emit (node:events:525:35)
      at endReadableNT (node:internal/streams/readable:1358:12)
      at processTicksAndRejections (node:internal/process/task_queues:83:21)

npm manifest: 
  {
    "name": "vue-cdn",
    "version": "1.0.0",
    "dependencies": {
      "@vue/cli": "^5.0.4",
      "@vue/cli-service": "^5.0.4",
      "vue": "^3.2.33"
    }
  }

yarn manifest: 
  No manifest

Lockfile: 
  No lockfile
